<?xml version="1.0" encoding="UTF-8"?>
<!-- Generated by org.testng.reporters.JUnitReportReporter -->
<testsuite hostname="DESKTOP-TAO0LAV" failures="0" tests="4" name="com.testscripts.TestNGex" time="0.024" errors="0" timestamp="22 Jul 2018 17:28:07 GMT" skipped="0">
  <testcase classname="com.testscripts.TestNGex" name="test2" time="0.005"/>
  <testcase classname="com.testscripts.TestNGex" name="test3" time="0.008"/>
  <testcase classname="com.testscripts.TestNGex" name="test2" time="0.003"/>
  <testcase classname="com.testscripts.TestNGex" name="test3" time="0.008"/>
</testsuite> <!-- com.testscripts.TestNGex -->
