<?xml version="1.0" encoding="UTF-8"?>
<!-- Generated by org.testng.reporters.JUnitReportReporter -->
<testsuite hostname="DESKTOP-TAO0LAV" failures="0" tests="2" name="com.testscripts.TestNg" time="0.018" errors="0" timestamp="22 Jul 2018 17:28:07 GMT" skipped="0">
  <testcase classname="com.testscripts.TestNg" name="test1" time="0.009"/>
  <testcase classname="com.testscripts.TestNg" name="test1" time="0.009"/>
</testsuite> <!-- com.testscripts.TestNg -->
